25-12-24.22:00:11.543 [main            ] INFO  Application            - Starting Application using Java 21.0.8 on zhendeMac-mini.local with PID 80528 (/Users/huzhen/Developer/java/big_market/big_market_app/target/classes started by huzhen in /Users/huzhen/Developer/java/big_market)
25-12-24.22:00:11.544 [main            ] INFO  Application            - No active profile set, falling back to 1 default profile: "default"
25-12-24.22:00:11.739 [main            ] WARN  ClassPathMapperScanner - No MyBatis mapper was found in '[com.hutu]' package. Please check your configuration.
25-12-24.22:00:11.874 [main            ] INFO  TomcatWebServer        - Tomcat initialized with port(s): 8091 (http)
25-12-24.22:00:11.878 [main            ] INFO  Http11NioProtocol      - Initializing ProtocolHandler ["http-nio-8091"]
25-12-24.22:00:11.878 [main            ] INFO  StandardService        - Starting service [Tomcat]
25-12-24.22:00:11.878 [main            ] INFO  StandardEngine         - Starting Servlet engine: [Apache Tomcat/9.0.75]
25-12-24.22:00:11.906 [main            ] INFO  [/]                    - Initializing Spring embedded WebApplicationContext
25-12-24.22:00:11.906 [main            ] INFO  ServletWebServerApplicationContext - Root WebApplicationContext: initialization completed in 344 ms
25-12-24.22:00:12.130 [main            ] INFO  MybatisPlusApplicationContextAware - Register ApplicationContext instances org.springframework.boot.web.servlet.context.AnnotationConfigServletWebServerApplicationContext@3301500b
25-12-24.22:00:12.156 [main            ] INFO  Http11NioProtocol      - Starting ProtocolHandler ["http-nio-8091"]
25-12-24.22:00:12.165 [main            ] INFO  TomcatWebServer        - Tomcat started on port(s): 8091 (http) with context path ''
25-12-24.22:00:12.169 [main            ] INFO  Application            - Started Application in 0.824 seconds (JVM running for 1.352)
25-12-24.22:02:57.082 [main            ] INFO  Application            - Starting Application using Java 21.0.8 on zhendeMac-mini.local with PID 80612 (/Users/huzhen/Developer/java/big_market/big_market_app/target/classes started by huzhen in /Users/huzhen/Developer/java/big_market)
25-12-24.22:02:57.083 [main            ] INFO  Application            - No active profile set, falling back to 1 default profile: "default"
25-12-24.22:02:57.394 [main            ] INFO  TomcatWebServer        - Tomcat initialized with port(s): 8091 (http)
25-12-24.22:02:57.398 [main            ] INFO  Http11NioProtocol      - Initializing ProtocolHandler ["http-nio-8091"]
25-12-24.22:02:57.398 [main            ] INFO  StandardService        - Starting service [Tomcat]
25-12-24.22:02:57.398 [main            ] INFO  StandardEngine         - Starting Servlet engine: [Apache Tomcat/9.0.75]
25-12-24.22:02:57.425 [main            ] INFO  [/]                    - Initializing Spring embedded WebApplicationContext
25-12-24.22:02:57.425 [main            ] INFO  ServletWebServerApplicationContext - Root WebApplicationContext: initialization completed in 322 ms
25-12-24.22:02:57.626 [main            ] INFO  MybatisPlusApplicationContextAware - Register ApplicationContext instances org.springframework.boot.web.servlet.context.AnnotationConfigServletWebServerApplicationContext@3301500b
25-12-24.22:02:57.654 [main            ] INFO  Http11NioProtocol      - Starting ProtocolHandler ["http-nio-8091"]
25-12-24.22:02:57.663 [main            ] INFO  TomcatWebServer        - Tomcat started on port(s): 8091 (http) with context path ''
25-12-24.22:02:57.667 [main            ] INFO  Application            - Started Application in 0.749 seconds (JVM running for 1.13)
25-12-24.22:04:06.162 [main            ] INFO  Application            - Starting Application using Java 21.0.8 on zhendeMac-mini.local with PID 80649 (/Users/huzhen/Developer/java/big_market/big_market_app/target/classes started by huzhen in /Users/huzhen/Developer/java/big_market)
25-12-24.22:04:06.163 [main            ] INFO  Application            - No active profile set, falling back to 1 default profile: "default"
25-12-24.22:04:06.465 [main            ] INFO  TomcatWebServer        - Tomcat initialized with port(s): 8091 (http)
25-12-24.22:04:06.468 [main            ] INFO  Http11NioProtocol      - Initializing ProtocolHandler ["http-nio-8091"]
25-12-24.22:04:06.468 [main            ] INFO  StandardService        - Starting service [Tomcat]
25-12-24.22:04:06.468 [main            ] INFO  StandardEngine         - Starting Servlet engine: [Apache Tomcat/9.0.75]
25-12-24.22:04:06.495 [main            ] INFO  [/]                    - Initializing Spring embedded WebApplicationContext
25-12-24.22:04:06.495 [main            ] INFO  ServletWebServerApplicationContext - Root WebApplicationContext: initialization completed in 313 ms
25-12-24.22:04:06.691 [main            ] INFO  MybatisPlusApplicationContextAware - Register ApplicationContext instances org.springframework.boot.web.servlet.context.AnnotationConfigServletWebServerApplicationContext@3301500b
25-12-24.22:04:06.718 [main            ] INFO  Http11NioProtocol      - Starting ProtocolHandler ["http-nio-8091"]
25-12-24.22:04:06.727 [main            ] INFO  TomcatWebServer        - Tomcat started on port(s): 8091 (http) with context path ''
25-12-24.22:04:06.731 [main            ] INFO  Application            - Started Application in 0.733 seconds (JVM running for 1.097)
